<?xml version="1.0" encoding="UTF-8"?>
<coverage generated="1537617077476" clover="3.2.0">
  <project timestamp="1537617077476" name="All files">
    <metrics statements="42" coveredstatements="42" conditionals="8" coveredconditionals="8" methods="11" coveredmethods="11" elements="61" coveredelements="61" complexity="0" loc="42" ncloc="42" packages="2" files="4" classes="4">
      <package name="common">
        <metrics statements="17" coveredstatements="17" conditionals="8" coveredconditionals="8" methods="2" coveredmethods="2"/>
        <file name="FAColors.js" path="/Users/Ace/Projects/flavorli/src/common/FAColors.js">
          <metrics statements="4" coveredstatements="4" conditionals="0" coveredconditionals="0" methods="0" coveredmethods="0"/>
          <line num="1" count="2" type="stmt"/>
          <line num="3" count="2" type="stmt"/>
          <line num="21" count="2" type="stmt"/>
          <line num="49" count="2" type="stmt"/>
        </file>
        <file name="FAStyleSheet.js" path="/Users/Ace/Projects/flavorli/src/common/FAStyleSheet.js">
          <metrics statements="13" coveredstatements="13" conditionals="8" coveredconditionals="8" methods="2" coveredmethods="2"/>
          <line num="1" count="3" type="stmt"/>
          <line num="2" count="3" type="stmt"/>
          <line num="25" count="3" type="stmt"/>
          <line num="27" count="4" type="stmt"/>
          <line num="28" count="10" type="stmt"/>
          <line num="29" count="10" type="stmt"/>
          <line num="30" count="10" type="cond" truecount="4" falsecount="0"/>
          <line num="31" count="1" type="stmt"/>
          <line num="33" count="10" type="cond" truecount="4" falsecount="0"/>
          <line num="34" count="1" type="stmt"/>
          <line num="36" count="10" type="stmt"/>
          <line num="38" count="4" type="stmt"/>
          <line num="39" count="3" type="stmt"/>
        </file>
      </package>
      <package name="presentational">
        <metrics statements="25" coveredstatements="25" conditionals="0" coveredconditionals="0" methods="9" coveredmethods="9"/>
        <file name="FAHeader.js" path="/Users/Ace/Projects/flavorli/src/presentational/FAHeader.js">
          <metrics statements="10" coveredstatements="10" conditionals="0" coveredconditionals="0" methods="3" coveredmethods="3"/>
          <line num="1" count="1" type="stmt"/>
          <line num="2" count="1" type="stmt"/>
          <line num="3" count="1" type="stmt"/>
          <line num="9" count="1" type="stmt"/>
          <line num="10" count="1" type="stmt"/>
          <line num="18" count="1" type="stmt"/>
          <line num="20" count="1" type="stmt"/>
          <line num="27" count="1" type="stmt"/>
          <line num="32" count="1" type="stmt"/>
          <line num="55" count="1" type="stmt"/>
        </file>
        <file name="MealList.js" path="/Users/Ace/Projects/flavorli/src/presentational/MealList.js">
          <metrics statements="15" coveredstatements="15" conditionals="0" coveredconditionals="0" methods="6" coveredmethods="6"/>
          <line num="1" count="1" type="stmt"/>
          <line num="2" count="1" type="stmt"/>
          <line num="3" count="1" type="stmt"/>
          <line num="4" count="1" type="stmt"/>
          <line num="5" count="1" type="stmt"/>
          <line num="21" count="2" type="stmt"/>
          <line num="25" count="2" type="stmt"/>
          <line num="26" count="2" type="stmt"/>
          <line num="30" count="3" type="stmt"/>
          <line num="31" count="3" type="stmt"/>
          <line num="32" count="3" type="stmt"/>
          <line num="40" count="1" type="stmt"/>
          <line num="45" count="1" type="stmt"/>
          <line num="50" count="1" type="stmt"/>
          <line num="82" count="1" type="stmt"/>
        </file>
      </package>
    </metrics>
  </project>
</coverage>
