{"/Users/Ace/Projects/flavorli/src/common/FAColors.js": {"path":"/Users/Ace/Projects/flavorli/src/common/FAColors.js","statementMap":{"0":{"start":{"line":1,"column":13},"end":{"line":1,"column":75}},"1":{"start":{"line":1,"column":75},"end":{"line":1,"column":100}},"2":{"start":{"line":3,"column":19},"end":{"line":21,"column":20}},"3":{"start":{"line":21,"column":36},"end":{"line":49,"column":13}},"4":{"start":{"line":49,"column":14},"end":{"line":49,"column":41}}},"fnMap":{},"branchMap":{},"s":{"0":2,"1":2,"2":2,"3":2,"4":2},"f":{},"b":{},"_coverageSchema":"332fd63041d2c1bcb487cc26dd0d5f7d97098a6c","hash":"1b910428dd4b41cfa21fac0847c919b7e5660f06"}
,"/Users/Ace/Projects/flavorli/src/common/FAStyleSheet.js": {"path":"/Users/Ace/Projects/flavorli/src/common/FAStyleSheet.js","statementMap":{"0":{"start":{"line":1,"column":13},"end":{"line":1,"column":75}},"1":{"start":{"line":1,"column":75},"end":{"line":1,"column":100}},"2":{"start":{"line":2,"column":19},"end":{"line":2,"column":42}},"3":{"start":{"line":25,"column":0},"end":{"line":39,"column":5}},"4":{"start":{"line":27,"column":25},"end":{"line":27,"column":27}},"5":{"start":{"line":28,"column":4},"end":{"line":37,"column":7}},"6":{"start":{"line":28,"column":68},"end":{"line":29,"column":19}},"7":{"start":{"line":29,"column":26},"end":{"line":29,"column":42}},"8":{"start":{"line":29,"column":53},"end":{"line":29,"column":73}},"9":{"start":{"line":29,"column":82},"end":{"line":29,"column":152}},"10":{"start":{"line":30,"column":6},"end":{"line":32,"column":7}},"11":{"start":{"line":31,"column":8},"end":{"line":31,"column":58}},"12":{"start":{"line":33,"column":6},"end":{"line":35,"column":7}},"13":{"start":{"line":34,"column":8},"end":{"line":34,"column":62}},"14":{"start":{"line":36,"column":6},"end":{"line":36,"column":35}},"15":{"start":{"line":38,"column":4},"end":{"line":38,"column":58}},"16":{"start":{"line":39,"column":6},"end":{"line":39,"column":33}}},"fnMap":{"0":{"name":"create","decl":{"start":{"line":26,"column":19},"end":{"line":26,"column":25}},"loc":{"start":{"line":26,"column":34},"end":{"line":39,"column":3}},"line":26},"1":{"name":"(anonymous_1)","decl":{"start":{"line":28,"column":32},"end":{"line":28,"column":33}},"loc":{"start":{"line":28,"column":48},"end":{"line":37,"column":5}},"line":28}},"branchMap":{"0":{"loc":{"start":{"line":30,"column":6},"end":{"line":32,"column":7}},"type":"if","locations":[{"start":{"line":30,"column":6},"end":{"line":32,"column":7}},{"start":{"line":30,"column":6},"end":{"line":32,"column":7}}],"line":30},"1":{"loc":{"start":{"line":30,"column":10},"end":{"line":30,"column":51}},"type":"binary-expr","locations":[{"start":{"line":30,"column":10},"end":{"line":30,"column":13}},{"start":{"line":30,"column":17},"end":{"line":30,"column":51}}],"line":30},"2":{"loc":{"start":{"line":33,"column":6},"end":{"line":35,"column":7}},"type":"if","locations":[{"start":{"line":33,"column":6},"end":{"line":35,"column":7}},{"start":{"line":33,"column":6},"end":{"line":35,"column":7}}],"line":33},"3":{"loc":{"start":{"line":33,"column":10},"end":{"line":33,"column":59}},"type":"binary-expr","locations":[{"start":{"line":33,"column":10},"end":{"line":33,"column":17}},{"start":{"line":33,"column":21},"end":{"line":33,"column":59}}],"line":33}},"s":{"0":3,"1":3,"2":3,"3":3,"4":4,"5":4,"6":10,"7":10,"8":10,"9":10,"10":10,"11":1,"12":10,"13":1,"14":10,"15":4,"16":3},"f":{"0":4,"1":10},"b":{"0":[1,9],"1":[10,2],"2":[1,9],"3":[10,2]},"_coverageSchema":"332fd63041d2c1bcb487cc26dd0d5f7d97098a6c","hash":"151e6692e1ed5b29c24d751b689fee12e26079c0"}
,"/Users/Ace/Projects/flavorli/src/presentational/FAHeader.js": {"path":"/Users/Ace/Projects/flavorli/src/presentational/FAHeader.js","statementMap":{"0":{"start":{"line":1,"column":13},"end":{"line":1,"column":75}},"1":{"start":{"line":1,"column":75},"end":{"line":1,"column":100}},"2":{"start":{"line":2,"column":13},"end":{"line":2,"column":66}},"3":{"start":{"line":3,"column":19},"end":{"line":3,"column":42}},"4":{"start":{"line":9,"column":16},"end":{"line":9,"column":81}},"5":{"start":{"line":10,"column":20},"end":{"line":10,"column":89}},"6":{"start":{"line":10,"column":109},"end":{"line":10,"column":170}},"7":{"start":{"line":18,"column":11},"end":{"line":27,"column":45}},"8":{"start":{"line":18,"column":34},"end":{"line":18,"column":78}},"9":{"start":{"line":18,"column":99},"end":{"line":18,"column":143}},"10":{"start":{"line":18,"column":143},"end":{"line":18,"column":257}},"11":{"start":{"line":18,"column":258},"end":{"line":27,"column":10}},"12":{"start":{"line":20,"column":6},"end":{"line":23,"column":150}},"13":{"start":{"line":27,"column":10},"end":{"line":27,"column":26}},"14":{"start":{"line":32,"column":13},"end":{"line":49,"column":21}},"15":{"start":{"line":55,"column":0},"end":{"line":55,"column":8}},"16":{"start":{"line":55,"column":9},"end":{"line":55,"column":36}}},"fnMap":{"0":{"name":"(anonymous_0)","decl":{"start":{"line":18,"column":11},"end":{"line":18,"column":12}},"loc":{"start":{"line":18,"column":33},"end":{"line":27,"column":27}},"line":18},"1":{"name":"FAHeader","decl":{"start":{"line":18,"column":87},"end":{"line":18,"column":95}},"loc":{"start":{"line":18,"column":98},"end":{"line":18,"column":258}},"line":18},"2":{"name":"render","decl":{"start":{"line":18,"column":327},"end":{"line":18,"column":333}},"loc":{"start":{"line":19,"column":4},"end":{"line":27,"column":5}},"line":19}},"branchMap":{},"s":{"0":1,"1":1,"2":1,"3":1,"4":1,"5":1,"6":1,"7":1,"8":1,"9":1,"10":1,"11":1,"12":1,"13":1,"14":1,"15":1,"16":1},"f":{"0":1,"1":1,"2":1},"b":{},"_coverageSchema":"332fd63041d2c1bcb487cc26dd0d5f7d97098a6c","hash":"e6957a446fbcc5f605eec17c78e516af475fe8b8"}
,"/Users/Ace/Projects/flavorli/src/presentational/MealList.js": {"path":"/Users/Ace/Projects/flavorli/src/presentational/MealList.js","statementMap":{"0":{"start":{"line":1,"column":13},"end":{"line":1,"column":75}},"1":{"start":{"line":1,"column":75},"end":{"line":1,"column":100}},"2":{"start":{"line":2,"column":13},"end":{"line":2,"column":66}},"3":{"start":{"line":3,"column":19},"end":{"line":3,"column":42}},"4":{"start":{"line":4,"column":16},"end":{"line":4,"column":81}},"5":{"start":{"line":5,"column":20},"end":{"line":5,"column":89}},"6":{"start":{"line":5,"column":109},"end":{"line":5,"column":170}},"7":{"start":{"line":21,"column":11},"end":{"line":45,"column":45}},"8":{"start":{"line":21,"column":34},"end":{"line":21,"column":78}},"9":{"start":{"line":21,"column":99},"end":{"line":21,"column":143}},"10":{"start":{"line":21,"column":143},"end":{"line":21,"column":257}},"11":{"start":{"line":21,"column":258},"end":{"line":45,"column":10}},"12":{"start":{"line":25,"column":17},"end":{"line":25,"column":36}},"13":{"start":{"line":26,"column":6},"end":{"line":41,"column":237}},"14":{"start":{"line":30,"column":53},"end":{"line":30,"column":68}},"15":{"start":{"line":31,"column":60},"end":{"line":31,"column":69}},"16":{"start":{"line":32,"column":12},"end":{"line":36,"column":159}},"17":{"start":{"line":40,"column":61},"end":{"line":41,"column":177}},"18":{"start":{"line":45,"column":10},"end":{"line":45,"column":26}},"19":{"start":{"line":45,"column":46},"end":{"line":45,"column":87}},"20":{"start":{"line":50,"column":13},"end":{"line":76,"column":46}},"21":{"start":{"line":82,"column":0},"end":{"line":82,"column":8}},"22":{"start":{"line":82,"column":9},"end":{"line":82,"column":36}}},"fnMap":{"0":{"name":"(anonymous_0)","decl":{"start":{"line":21,"column":11},"end":{"line":21,"column":12}},"loc":{"start":{"line":21,"column":33},"end":{"line":45,"column":27}},"line":21},"1":{"name":"MealList","decl":{"start":{"line":21,"column":87},"end":{"line":21,"column":95}},"loc":{"start":{"line":21,"column":98},"end":{"line":21,"column":258}},"line":21},"2":{"name":"render","decl":{"start":{"line":21,"column":327},"end":{"line":21,"column":333}},"loc":{"start":{"line":24,"column":4},"end":{"line":45,"column":5}},"line":24},"3":{"name":"keyExtractor","decl":{"start":{"line":30,"column":33},"end":{"line":30,"column":45}},"loc":{"start":{"line":30,"column":52},"end":{"line":30,"column":69}},"line":30},"4":{"name":"renderItem","decl":{"start":{"line":31,"column":31},"end":{"line":31,"column":41}},"loc":{"start":{"line":31,"column":48},"end":{"line":39,"column":11}},"line":31},"5":{"name":"ListEmptyComponent","decl":{"start":{"line":40,"column":39},"end":{"line":40,"column":57}},"loc":{"start":{"line":40,"column":60},"end":{"line":41,"column":178}},"line":40}},"branchMap":{},"s":{"0":1,"1":1,"2":1,"3":1,"4":1,"5":1,"6":1,"7":1,"8":1,"9":2,"10":2,"11":1,"12":2,"13":2,"14":3,"15":3,"16":3,"17":1,"18":1,"19":1,"20":1,"21":1,"22":1},"f":{"0":1,"1":2,"2":2,"3":3,"4":3,"5":1},"b":{},"_coverageSchema":"332fd63041d2c1bcb487cc26dd0d5f7d97098a6c","hash":"6b5cb7f1f5abd768a118fc22a48fa2423428cf8a"}
}
