TN:
SF:/Users/Ace/Projects/flavorli/src/common/FAColors.js
FNF:0
FNH:0
DA:1,2
DA:3,2
DA:21,2
DA:49,2
LF:4
LH:4
BRF:0
BRH:0
end_of_record
TN:
SF:/Users/Ace/Projects/flavorli/src/common/FAStyleSheet.js
FN:26,create
FN:28,(anonymous_1)
FNF:2
FNH:2
FNDA:4,create
FNDA:10,(anonymous_1)
DA:1,3
DA:2,3
DA:25,3
DA:27,4
DA:28,10
DA:29,10
DA:30,10
DA:31,1
DA:33,10
DA:34,1
DA:36,10
DA:38,4
DA:39,3
LF:13
LH:13
BRDA:30,0,0,1
BRDA:30,0,1,9
BRDA:30,1,0,10
BRDA:30,1,1,2
BRDA:33,2,0,1
BRDA:33,2,1,9
BRDA:33,3,0,10
BRDA:33,3,1,2
BRF:8
BRH:8
end_of_record
TN:
SF:/Users/Ace/Projects/flavorli/src/presentational/FAHeader.js
FN:18,(anonymous_0)
FN:18,FAHeader
FN:18,render
FNF:3
FNH:3
FNDA:1,(anonymous_0)
FNDA:1,FAHeader
FNDA:1,render
DA:1,1
DA:2,1
DA:3,1
DA:9,1
DA:10,1
DA:18,1
DA:20,1
DA:27,1
DA:32,1
DA:55,1
LF:10
LH:10
BRF:0
BRH:0
end_of_record
TN:
SF:/Users/Ace/Projects/flavorli/src/presentational/MealList.js
FN:21,(anonymous_0)
FN:21,MealList
FN:21,render
FN:30,keyExtractor
FN:31,renderItem
FN:40,ListEmptyComponent
FNF:6
FNH:6
FNDA:1,(anonymous_0)
FNDA:2,MealList
FNDA:2,render
FNDA:3,keyExtractor
FNDA:3,renderItem
FNDA:1,ListEmptyComponent
DA:1,1
DA:2,1
DA:3,1
DA:4,1
DA:5,1
DA:21,2
DA:25,2
DA:26,2
DA:30,3
DA:31,3
DA:32,3
DA:40,1
DA:45,1
DA:50,1
DA:82,1
LF:15
LH:15
BRF:0
BRH:0
end_of_record
